2021-09-21 17:08:31,285 parseStringToObject            - RequestID [] vn.vnpay.CommonUtils - parse Exception:  - CommonUtils
            
com.google.gson.JsonSyntaxException: java.lang.IllegalStateException: Expected BEGIN_OBJECT but was STRING at line 1 column 1 path $
	at com.google.gson.internal.bind.ReflectiveTypeAdapterFactory$Adapter.read(ReflectiveTypeAdapterFactory.java:226) ~[gson-2.8.5.jar:?]
	at com.google.gson.Gson.fromJson(Gson.java:927) ~[gson-2.8.5.jar:?]
	at com.google.gson.Gson.fromJson(Gson.java:892) ~[gson-2.8.5.jar:?]
	at com.google.gson.Gson.fromJson(Gson.java:841) ~[gson-2.8.5.jar:?]
	at com.google.gson.Gson.fromJson(Gson.java:813) ~[gson-2.8.5.jar:?]
	at vn.vnpay.CommonUtils.parseStringToObject(CommonUtils.java:59) [classes/:?]
	at vn.vnpay.netty.client.handler.ClientHandler.channelRead0(ClientHandler.java:45) [classes/:?]
	at vn.vnpay.netty.client.handler.ClientHandler.channelRead0(ClientHandler.java:24) [classes/:?]
	at io.netty.channel.SimpleChannelInboundHandler.channelRead(SimpleChannelInboundHandler.java:99) [netty-transport-4.1.45.Final.jar:4.1.45.Final]
	at io.netty.channel.AbstractChannelHandlerContext.invokeChannelRead(AbstractChannelHandlerContext.java:377) [netty-transport-4.1.45.Final.jar:4.1.45.Final]
	at io.netty.channel.AbstractChannelHandlerContext.invokeChannelRead(AbstractChannelHandlerContext.java:363) [netty-transport-4.1.45.Final.jar:4.1.45.Final]
	at io.netty.channel.AbstractChannelHandlerContext.fireChannelRead(AbstractChannelHandlerContext.java:355) [netty-transport-4.1.45.Final.jar:4.1.45.Final]
	at io.netty.handler.codec.MessageToMessageDecoder.channelRead(MessageToMessageDecoder.java:102) [netty-codec-4.1.45.Final.jar:4.1.45.Final]
	at io.netty.channel.AbstractChannelHandlerContext.invokeChannelRead(AbstractChannelHandlerContext.java:377) [netty-transport-4.1.45.Final.jar:4.1.45.Final]
	at io.netty.channel.AbstractChannelHandlerContext.invokeChannelRead(AbstractChannelHandlerContext.java:363) [netty-transport-4.1.45.Final.jar:4.1.45.Final]
	at io.netty.channel.AbstractChannelHandlerContext.fireChannelRead(AbstractChannelHandlerContext.java:355) [netty-transport-4.1.45.Final.jar:4.1.45.Final]
	at io.netty.channel.DefaultChannelPipeline$HeadContext.channelRead(DefaultChannelPipeline.java:1410) [netty-transport-4.1.45.Final.jar:4.1.45.Final]
	at io.netty.channel.AbstractChannelHandlerContext.invokeChannelRead(AbstractChannelHandlerContext.java:377) [netty-transport-4.1.45.Final.jar:4.1.45.Final]
	at io.netty.channel.AbstractChannelHandlerContext.invokeChannelRead(AbstractChannelHandlerContext.java:363) [netty-transport-4.1.45.Final.jar:4.1.45.Final]
	at io.netty.channel.DefaultChannelPipeline.fireChannelRead(DefaultChannelPipeline.java:919) [netty-transport-4.1.45.Final.jar:4.1.45.Final]
	at io.netty.channel.nio.AbstractNioByteChannel$NioByteUnsafe.read(AbstractNioByteChannel.java:163) [netty-transport-4.1.45.Final.jar:4.1.45.Final]
	at io.netty.channel.nio.NioEventLoop.processSelectedKey(NioEventLoop.java:714) [netty-transport-4.1.45.Final.jar:4.1.45.Final]
	at io.netty.channel.nio.NioEventLoop.processSelectedKeysOptimized(NioEventLoop.java:650) [netty-transport-4.1.45.Final.jar:4.1.45.Final]
	at io.netty.channel.nio.NioEventLoop.processSelectedKeys(NioEventLoop.java:576) [netty-transport-4.1.45.Final.jar:4.1.45.Final]
	at io.netty.channel.nio.NioEventLoop.run(NioEventLoop.java:493) [netty-transport-4.1.45.Final.jar:4.1.45.Final]
	at io.netty.util.concurrent.SingleThreadEventExecutor$4.run(SingleThreadEventExecutor.java:989) [netty-common-4.1.45.Final.jar:4.1.45.Final]
	at io.netty.util.internal.ThreadExecutorMap$2.run(ThreadExecutorMap.java:74) [netty-common-4.1.45.Final.jar:4.1.45.Final]
	at io.netty.util.concurrent.FastThreadLocalRunnable.run(FastThreadLocalRunnable.java:30) [netty-common-4.1.45.Final.jar:4.1.45.Final]
	at java.lang.Thread.run(Thread.java:748) [?:1.8.0_261]
Caused by: java.lang.IllegalStateException: Expected BEGIN_OBJECT but was STRING at line 1 column 1 path $
	at com.google.gson.stream.JsonReader.beginObject(JsonReader.java:385) ~[gson-2.8.5.jar:?]
	at com.google.gson.internal.bind.ReflectiveTypeAdapterFactory$Adapter.read(ReflectiveTypeAdapterFactory.java:215) ~[gson-2.8.5.jar:?]
	... 28 more
