2021-09-29 08:53:44,464 receivedMessageAndReply        - Token [7d849e86-a04d-412e-81d3-35c4cc0b77bd] vn.vnpay.process.consumer.RabbitMQConsumer - custom exception:  - RabbitMQConsumer       
vn.vnpay.process.exception.CustomException: null
	at vn.vnpay.process.service.impl.PaymentServiceImpl.executePayment(PaymentServiceImpl.java:40) ~[classes!/:0.0.1-SNAPSHOT]
	at vn.vnpay.process.service.impl.PaymentServiceImpl$$FastClassBySpringCGLIB$$fd5165d1.invoke(<generated>) ~[classes!/:0.0.1-SNAPSHOT]
	at org.springframework.cglib.proxy.MethodProxy.invoke(MethodProxy.java:218) ~[spring-core-5.3.9.jar!/:5.3.9]
	at org.springframework.aop.framework.CglibAopProxy$CglibMethodInvocation.invokeJoinpoint(CglibAopProxy.java:779) ~[spring-aop-5.3.9.jar!/:5.3.9]
	at org.springframework.aop.framework.ReflectiveMethodInvocation.proceed(ReflectiveMethodInvocation.java:163) ~[spring-aop-5.3.9.jar!/:5.3.9]
	at org.springframework.aop.framework.CglibAopProxy$CglibMethodInvocation.proceed(CglibAopProxy.java:750) ~[spring-aop-5.3.9.jar!/:5.3.9]
	at org.springframework.transaction.interceptor.TransactionInterceptor$1.proceedWithInvocation(TransactionInterceptor.java:123) ~[spring-tx-5.3.9.jar!/:5.3.9]
	at org.springframework.transaction.interceptor.TransactionAspectSupport.invokeWithinTransaction(TransactionAspectSupport.java:388) ~[spring-tx-5.3.9.jar!/:5.3.9]
	at org.springframework.transaction.interceptor.TransactionInterceptor.invoke(TransactionInterceptor.java:119) ~[spring-tx-5.3.9.jar!/:5.3.9]
	at org.springframework.aop.framework.ReflectiveMethodInvocation.proceed(ReflectiveMethodInvocation.java:186) ~[spring-aop-5.3.9.jar!/:5.3.9]
	at org.springframework.aop.framework.CglibAopProxy$CglibMethodInvocation.proceed(CglibAopProxy.java:750) ~[spring-aop-5.3.9.jar!/:5.3.9]
	at org.springframework.aop.framework.CglibAopProxy$DynamicAdvisedInterceptor.intercept(CglibAopProxy.java:692) ~[spring-aop-5.3.9.jar!/:5.3.9]
	at vn.vnpay.process.service.impl.PaymentServiceImpl$$EnhancerBySpringCGLIB$$4b66754.executePayment(<generated>) ~[classes!/:0.0.1-SNAPSHOT]
	at vn.vnpay.process.consumer.RabbitMQConsumer.receivedMessageAndReply(RabbitMQConsumer.java:48) ~[classes!/:0.0.1-SNAPSHOT]
	at sun.reflect.NativeMethodAccessorImpl.invoke0(Native Method) ~[?:1.8.0_141]
	at sun.reflect.NativeMethodAccessorImpl.invoke(NativeMethodAccessorImpl.java:62) ~[?:1.8.0_141]
	at sun.reflect.DelegatingMethodAccessorImpl.invoke(DelegatingMethodAccessorImpl.java:43) ~[?:1.8.0_141]
	at java.lang.reflect.Method.invoke(Method.java:498) ~[?:1.8.0_141]
	at org.springframework.messaging.handler.invocation.InvocableHandlerMethod.doInvoke(InvocableHandlerMethod.java:171) ~[spring-messaging-5.3.9.jar!/:5.3.9]
	at org.springframework.messaging.handler.invocation.InvocableHandlerMethod.invoke(InvocableHandlerMethod.java:120) ~[spring-messaging-5.3.9.jar!/:5.3.9]
	at org.springframework.amqp.rabbit.listener.adapter.HandlerAdapter.invoke(HandlerAdapter.java:68) ~[spring-rabbit-2.3.10.jar!/:2.3.10]
	at org.springframework.amqp.rabbit.listener.adapter.MessagingMessageListenerAdapter.invokeHandler(MessagingMessageListenerAdapter.java:244) ~[spring-rabbit-2.3.10.jar!/:2.3.10]
	at org.springframework.amqp.rabbit.listener.adapter.MessagingMessageListenerAdapter.invokeHandlerAndProcessResult(MessagingMessageListenerAdapter.java:194) ~[spring-rabbit-2.3.10.jar!/:2.3.10]
	at org.springframework.amqp.rabbit.listener.adapter.MessagingMessageListenerAdapter.onMessage(MessagingMessageListenerAdapter.java:137) ~[spring-rabbit-2.3.10.jar!/:2.3.10]
	at org.springframework.amqp.rabbit.listener.AbstractMessageListenerContainer.doInvokeListener(AbstractMessageListenerContainer.java:1656) ~[spring-rabbit-2.3.10.jar!/:2.3.10]
	at org.springframework.amqp.rabbit.listener.AbstractMessageListenerContainer.actualInvokeListener(AbstractMessageListenerContainer.java:1575) ~[spring-rabbit-2.3.10.jar!/:2.3.10]
	at org.springframework.amqp.rabbit.listener.AbstractMessageListenerContainer.invokeListener(AbstractMessageListenerContainer.java:1563) [spring-rabbit-2.3.10.jar!/:2.3.10]
	at org.springframework.amqp.rabbit.listener.AbstractMessageListenerContainer.doExecuteListener(AbstractMessageListenerContainer.java:1554) [spring-rabbit-2.3.10.jar!/:2.3.10]
	at org.springframework.amqp.rabbit.listener.AbstractMessageListenerContainer.executeListener(AbstractMessageListenerContainer.java:1498) [spring-rabbit-2.3.10.jar!/:2.3.10]
	at org.springframework.amqp.rabbit.listener.SimpleMessageListenerContainer.doReceiveAndExecute(SimpleMessageListenerContainer.java:968) [spring-rabbit-2.3.10.jar!/:2.3.10]
	at org.springframework.amqp.rabbit.listener.SimpleMessageListenerContainer.receiveAndExecute(SimpleMessageListenerContainer.java:914) [spring-rabbit-2.3.10.jar!/:2.3.10]
	at org.springframework.amqp.rabbit.listener.SimpleMessageListenerContainer.access$1600(SimpleMessageListenerContainer.java:83) [spring-rabbit-2.3.10.jar!/:2.3.10]
	at org.springframework.amqp.rabbit.listener.SimpleMessageListenerContainer$AsyncMessageProcessingConsumer.mainLoop(SimpleMessageListenerContainer.java:1289) [spring-rabbit-2.3.10.jar!/:2.3.10]
	at org.springframework.amqp.rabbit.listener.SimpleMessageListenerContainer$AsyncMessageProcessingConsumer.run(SimpleMessageListenerContainer.java:1195) [spring-rabbit-2.3.10.jar!/:2.3.10]
	at java.lang.Thread.run(Thread.java:748) [?:1.8.0_141]
